<html>
<head>
<title>TestNG:  Default test</title>
<link href="../testng.css" rel="stylesheet" type="text/css" />
<link href="../my-testng.css" rel="stylesheet" type="text/css" />

<style type="text/css">
.log { display: none;} 
.stack-trace { display: none;} 
</style>
<script type="text/javascript">
<!--
function flip(e) {
  current = e.style.display;
  if (current == 'block') {
    e.style.display = 'none';
    return 0;
  }
  else {
    e.style.display = 'block';
    return 1;
  }
}

function toggleBox(szDivId, elem, msg1, msg2)
{
  var res = -1;  if (document.getElementById) {
    res = flip(document.getElementById(szDivId));
  }
  else if (document.all) {
    // this is the way old msie versions work
    res = flip(document.all[szDivId]);
  }
  if(elem) {
    if(res == 0) elem.innerHTML = msg1; else elem.innerHTML = msg2;
  }

}

function toggleAllBoxes() {
  if (document.getElementsByTagName) {
    d = document.getElementsByTagName('div');
    for (i = 0; i < d.length; i++) {
      if (d[i].className == 'log') {
        flip(d[i]);
      }
    }
  }
}

// -->
</script>

</head>
<body>
<h2 align='center'>Default test</h2><table border='1' align="center">
<tr>
<td>Tests passed/Failed/Skipped:</td><td>28/2/0</td>
</tr><tr>
<td>Started on:</td><td>Fri Sep 01 15:30:04 IST 2023</td>
</tr>
<tr><td>Total time:</td><td>1388 seconds (1388533 ms)</td>
</tr><tr>
<td>Included groups:</td><td></td>
</tr><tr>
<td>Excluded groups:</td><td></td>
</tr>
</table><p/>
<small><i>(Hover the method name to see the test class name)</i></small><p/>
<table width='100%' border='1' class='invocation-failed'>
<tr><td colspan='4' align='center'><b>FAILED TESTS</b></td></tr>
<tr><td><b>Test method</b></td>
<td width="30%"><b>Exception</b></td>
<td width="10%"><b>Time (seconds)</b></td>
<td><b>Instance</b></td>
</tr>
<tr>
<td title='testCases.TestCases.myDairy()'><b>myDairy</b><br>Test class: testCases.TestCases<br>Parameters: bibin.krishnan@pidilite.com, Pidilite@123</td>
<td><div><pre>org.openqa.selenium.ElementNotInteractableException: element not interactable
  (Session info: chrome=116.0.5845.141)
Build info: version: &apos;4.3.0&apos;, revision: &apos;a4995e2c09*&apos;
System info: host: &apos;DESKTOP-FV0KD14&apos;, ip: &apos;192.168.0.113&apos;, os.name: &apos;Windows 11&apos;, os.arch: &apos;amd64&apos;, os.version: &apos;10.0&apos;, java.version: &apos;18.0.2.1&apos;
Driver info: org.openqa.selenium.chrome.ChromeDriver
Command: [3c7298fe6834ab1a27b4edcdafe4b7b7, clickElement {id=91384E2D2893C603CF5EC7A0BA82F645_element_115}]
Capabilities {acceptInsecureCerts: false, browserName: chrome, browserVersion: 116.0.5845.141, chrome: {chromedriverVersion: 116.0.5845.96 (1a3918166880..., userDataDir: C:\Users\nanos\AppData\Loca...}, fedcm:accounts: true, goog:chromeOptions: {debuggerAddress: localhost:52533}, networkConnectionEnabled: false, pageLoadStrategy: normal, platformName: WINDOWS, proxy: Proxy(), se:cdp: ws://localhost:52533/devtoo..., se:cdpVersion: 116.0.5845.141, setWindowRect: true, strictFileInteractability: false, timeouts: {implicit: 0, pageLoad: 300000, script: 30000}, unhandledPromptBehavior: dismiss and notify, webauthn:extension:credBlob: true, webauthn:extension:largeBlob: true, webauthn:extension:minPinLength: true, webauthn:extension:prf: true, webauthn:virtualAuthenticators: true}
Element: [[ChromeDriver: chrome on WINDOWS (3c7298fe6834ab1a27b4edcdafe4b7b7)] -&gt; xpath: (//input[@id=&apos;grouped-demo&apos;])[2]]
Session ID: 3c7298fe6834ab1a27b4edcdafe4b7b7
	at java.base/jdk.internal.reflect.DirectConstructorHandleAccessor.newInstance(DirectConstructorHandleAccessor.java:67)
	at java.base/java.lang.reflect.Constructor.newInstanceWithCaller(Constructor.java:499)
	at java.base/java.lang.reflect.Constructor.newInstance(Constructor.java:483)
	at org.openqa.selenium.remote.codec.w3c.W3CHttpResponseCodec.createException(W3CHttpResponseCodec.java:200)
	at org.openqa.selenium.remote.codec.w3c.W3CHttpResponseCodec.decode(W3CHttpResponseCodec.java:133)
	at org.openqa.selenium.remote.codec.w3c.W3CHttpResponseCodec.decode(W3CHttpResponseCodec.java:53)
	at org.openqa.selenium.remote.HttpCommandExecutor.execute(HttpCommandExecutor.java:184)
	at org.openqa.selenium.remote.service.DriverCommandExecutor.invokeExecute(DriverCommandExecutor.java:167)
	at org.openqa.selenium.remote.service.DriverCommandExecutor.execute(DriverCommandExecutor.java:142)
	at org.openqa.selenium.remote.RemoteWebDriver.execute(RemoteWebDriver.java:569)
	at org.openqa.selenium.remote.RemoteWebElement.execute(RemoteWebElement.java:257)
	at org.openqa.selenium.remote.RemoteWebElement.click(RemoteWebElement.java:78)
	at utility.ElementDropdown.select(ElementDropdown.java:16)
	at testCases.TestCases.myDairy(TestCases.java:91)
	at java.base/jdk.internal.reflect.DirectMethodHandleAccessor.invoke(DirectMethodHandleAccessor.java:104)
	at java.base/java.lang.reflect.Method.invoke(Method.java:577)
	at org.testng.internal.MethodInvocationHelper.invokeMethod(MethodInvocationHelper.java:133)
	at org.testng.internal.TestInvoker.invokeMethod(TestInvoker.java:598)
	at org.testng.internal.TestInvoker.invokeTestMethod(TestInvoker.java:173)
	at org.testng.internal.MethodRunner.runInSequence(MethodRunner.java:46)
	at org.testng.internal.TestInvoker$MethodInvocationAgent.invoke(TestInvoker.java:824)
	at org.testng.internal.TestInvoker.invokeTestMethods(TestInvoker.java:146)
	at org.testng.internal.TestMethodWorker.invokeTestMethods(TestMethodWorker.java:146)
	at org.testng.internal.TestMethodWorker.run(TestMethodWorker.java:128)
	at java.base/java.util.ArrayList.forEach(ArrayList.java:1511)
	at org.testng.TestRunner.privateRun(TestRunner.java:794)
	at org.testng.TestRunner.run(TestRunner.java:596)
	at org.testng.SuiteRunner.runTest(SuiteRunner.java:377)
	at org.testng.SuiteRunner.runSequentially(SuiteRunner.java:371)
	at org.testng.SuiteRunner.privateRun(SuiteRunner.java:332)
	at org.testng.SuiteRunner.run(SuiteRunner.java:276)
	at org.testng.SuiteRunnerWorker.runSuite(SuiteRunnerWorker.java:53)
	at org.testng.SuiteRunnerWorker.run(SuiteRunnerWorker.java:96)
	at org.testng.TestNG.runSuitesSequentially(TestNG.java:1212)
	at org.testng.TestNG.runSuitesLocally(TestNG.java:1134)
	at org.testng.TestNG.runSuites(TestNG.java:1063)
	at org.testng.TestNG.run(TestNG.java:1031)
	at org.testng.remote.AbstractRemoteTestNG.run(AbstractRemoteTestNG.java:115)
	at org.testng.remote.RemoteTestNG.initAndRun(RemoteTestNG.java:251)
	at org.testng.remote.RemoteTestNG.main(RemoteTestNG.java:77)
</pre></div><a href='#' onClick='toggleBox("stack-trace27122318", this, "Click to show all stack frames", "Click to hide stack frames")'>Click to show all stack frames</a>
<div class='stack-trace' id='stack-trace27122318'><pre>org.openqa.selenium.ElementNotInteractableException: element not interactable
  (Session info: chrome=116.0.5845.141)
Build info: version: &apos;4.3.0&apos;, revision: &apos;a4995e2c09*&apos;
System info: host: &apos;DESKTOP-FV0KD14&apos;, ip: &apos;192.168.0.113&apos;, os.name: &apos;Windows 11&apos;, os.arch: &apos;amd64&apos;, os.version: &apos;10.0&apos;, java.version: &apos;18.0.2.1&apos;
Driver info: org.openqa.selenium.chrome.ChromeDriver
Command: [3c7298fe6834ab1a27b4edcdafe4b7b7, clickElement {id=91384E2D2893C603CF5EC7A0BA82F645_element_115}]
Capabilities {acceptInsecureCerts: false, browserName: chrome, browserVersion: 116.0.5845.141, chrome: {chromedriverVersion: 116.0.5845.96 (1a3918166880..., userDataDir: C:\Users\nanos\AppData\Loca...}, fedcm:accounts: true, goog:chromeOptions: {debuggerAddress: localhost:52533}, networkConnectionEnabled: false, pageLoadStrategy: normal, platformName: WINDOWS, proxy: Proxy(), se:cdp: ws://localhost:52533/devtoo..., se:cdpVersion: 116.0.5845.141, setWindowRect: true, strictFileInteractability: false, timeouts: {implicit: 0, pageLoad: 300000, script: 30000}, unhandledPromptBehavior: dismiss and notify, webauthn:extension:credBlob: true, webauthn:extension:largeBlob: true, webauthn:extension:minPinLength: true, webauthn:extension:prf: true, webauthn:virtualAuthenticators: true}
Element: [[ChromeDriver: chrome on WINDOWS (3c7298fe6834ab1a27b4edcdafe4b7b7)] -&gt; xpath: (//input[@id=&apos;grouped-demo&apos;])[2]]
Session ID: 3c7298fe6834ab1a27b4edcdafe4b7b7
	at java.base/jdk.internal.reflect.DirectConstructorHandleAccessor.newInstance(DirectConstructorHandleAccessor.java:67)
	at java.base/java.lang.reflect.Constructor.newInstanceWithCaller(Constructor.java:499)
	at java.base/java.lang.reflect.Constructor.newInstance(Constructor.java:483)
	at org.openqa.selenium.remote.codec.w3c.W3CHttpResponseCodec.createException(W3CHttpResponseCodec.java:200)
	at org.openqa.selenium.remote.codec.w3c.W3CHttpResponseCodec.decode(W3CHttpResponseCodec.java:133)
	at org.openqa.selenium.remote.codec.w3c.W3CHttpResponseCodec.decode(W3CHttpResponseCodec.java:53)
	at org.openqa.selenium.remote.HttpCommandExecutor.execute(HttpCommandExecutor.java:184)
	at org.openqa.selenium.remote.service.DriverCommandExecutor.invokeExecute(DriverCommandExecutor.java:167)
	at org.openqa.selenium.remote.service.DriverCommandExecutor.execute(DriverCommandExecutor.java:142)
	at org.openqa.selenium.remote.RemoteWebDriver.execute(RemoteWebDriver.java:569)
	at org.openqa.selenium.remote.RemoteWebElement.execute(RemoteWebElement.java:257)
	at org.openqa.selenium.remote.RemoteWebElement.click(RemoteWebElement.java:78)
	at utility.ElementDropdown.select(ElementDropdown.java:16)
	at testCases.TestCases.myDairy(TestCases.java:91)
	at java.base/jdk.internal.reflect.DirectMethodHandleAccessor.invoke(DirectMethodHandleAccessor.java:104)
	at java.base/java.lang.reflect.Method.invoke(Method.java:577)
	at org.testng.internal.MethodInvocationHelper.invokeMethod(MethodInvocationHelper.java:133)
	at org.testng.internal.TestInvoker.invokeMethod(TestInvoker.java:598)
	at org.testng.internal.TestInvoker.invokeTestMethod(TestInvoker.java:173)
	at org.testng.internal.MethodRunner.runInSequence(MethodRunner.java:46)
	at org.testng.internal.TestInvoker$MethodInvocationAgent.invoke(TestInvoker.java:824)
	at org.testng.internal.TestInvoker.invokeTestMethods(TestInvoker.java:146)
	at org.testng.internal.TestMethodWorker.invokeTestMethods(TestMethodWorker.java:146)
	at org.testng.internal.TestMethodWorker.run(TestMethodWorker.java:128)
	at java.base/java.util.ArrayList.forEach(ArrayList.java:1511)
	at org.testng.TestRunner.privateRun(TestRunner.java:794)
	at org.testng.TestRunner.run(TestRunner.java:596)
	at org.testng.SuiteRunner.runTest(SuiteRunner.java:377)
	at org.testng.SuiteRunner.runSequentially(SuiteRunner.java:371)
	at org.testng.SuiteRunner.privateRun(SuiteRunner.java:332)
	at org.testng.SuiteRunner.run(SuiteRunner.java:276)
	at org.testng.SuiteRunnerWorker.runSuite(SuiteRunnerWorker.java:53)
	at org.testng.SuiteRunnerWorker.run(SuiteRunnerWorker.java:96)
	at org.testng.TestNG.runSuitesSequentially(TestNG.java:1212)
	at org.testng.TestNG.runSuitesLocally(TestNG.java:1134)
	at org.testng.TestNG.runSuites(TestNG.java:1063)
	at org.testng.TestNG.run(TestNG.java:1031)
	at org.testng.remote.AbstractRemoteTestNG.run(AbstractRemoteTestNG.java:115)
	at org.testng.remote.RemoteTestNG.initAndRun(RemoteTestNG.java:251)
	at org.testng.remote.RemoteTestNG.main(RemoteTestNG.java:77)
</pre></div></td>
<td>24</td>
<td>testCases.TestCases@72d1ad2e</td></tr>
<tr>
<td title='testCases.TestCases.myDairy()'><b>myDairy</b><br>Test class: testCases.TestCases<br>Parameters: shalini.ghosh@pidilite.com, Pidilite@123</td>
<td><div><pre>org.openqa.selenium.ElementNotInteractableException: element not interactable
  (Session info: chrome=116.0.5845.141)
Build info: version: &apos;4.3.0&apos;, revision: &apos;a4995e2c09*&apos;
System info: host: &apos;DESKTOP-FV0KD14&apos;, ip: &apos;192.168.0.113&apos;, os.name: &apos;Windows 11&apos;, os.arch: &apos;amd64&apos;, os.version: &apos;10.0&apos;, java.version: &apos;18.0.2.1&apos;
Driver info: org.openqa.selenium.chrome.ChromeDriver
Command: [a14f51fbafe488241a05bb60dbf9d77f, clickElement {id=147C3C413117A8B25FCC3653F760D201_element_114}]
Capabilities {acceptInsecureCerts: false, browserName: chrome, browserVersion: 116.0.5845.141, chrome: {chromedriverVersion: 116.0.5845.96 (1a3918166880..., userDataDir: C:\Users\nanos\AppData\Loca...}, fedcm:accounts: true, goog:chromeOptions: {debuggerAddress: localhost:52590}, networkConnectionEnabled: false, pageLoadStrategy: normal, platformName: WINDOWS, proxy: Proxy(), se:cdp: ws://localhost:52590/devtoo..., se:cdpVersion: 116.0.5845.141, setWindowRect: true, strictFileInteractability: false, timeouts: {implicit: 0, pageLoad: 300000, script: 30000}, unhandledPromptBehavior: dismiss and notify, webauthn:extension:credBlob: true, webauthn:extension:largeBlob: true, webauthn:extension:minPinLength: true, webauthn:extension:prf: true, webauthn:virtualAuthenticators: true}
Element: [[ChromeDriver: chrome on WINDOWS (a14f51fbafe488241a05bb60dbf9d77f)] -&gt; xpath: (//input[@id=&apos;grouped-demo&apos;])[2]]
Session ID: a14f51fbafe488241a05bb60dbf9d77f
	at java.base/jdk.internal.reflect.DirectConstructorHandleAccessor.newInstance(DirectConstructorHandleAccessor.java:67)
	at java.base/java.lang.reflect.Constructor.newInstanceWithCaller(Constructor.java:499)
	at java.base/java.lang.reflect.Constructor.newInstance(Constructor.java:483)
	at org.openqa.selenium.remote.codec.w3c.W3CHttpResponseCodec.createException(W3CHttpResponseCodec.java:200)
	at org.openqa.selenium.remote.codec.w3c.W3CHttpResponseCodec.decode(W3CHttpResponseCodec.java:133)
	at org.openqa.selenium.remote.codec.w3c.W3CHttpResponseCodec.decode(W3CHttpResponseCodec.java:53)
	at org.openqa.selenium.remote.HttpCommandExecutor.execute(HttpCommandExecutor.java:184)
	at org.openqa.selenium.remote.service.DriverCommandExecutor.invokeExecute(DriverCommandExecutor.java:167)
	at org.openqa.selenium.remote.service.DriverCommandExecutor.execute(DriverCommandExecutor.java:142)
	at org.openqa.selenium.remote.RemoteWebDriver.execute(RemoteWebDriver.java:569)
	at org.openqa.selenium.remote.RemoteWebElement.execute(RemoteWebElement.java:257)
	at org.openqa.selenium.remote.RemoteWebElement.click(RemoteWebElement.java:78)
	at utility.ElementDropdown.select(ElementDropdown.java:16)
	at testCases.TestCases.myDairy(TestCases.java:91)
	at java.base/jdk.internal.reflect.DirectMethodHandleAccessor.invoke(DirectMethodHandleAccessor.java:104)
	at java.base/java.lang.reflect.Method.invoke(Method.java:577)
	at org.testng.internal.MethodInvocationHelper.invokeMethod(MethodInvocationHelper.java:133)
	at org.testng.internal.TestInvoker.invokeMethod(TestInvoker.java:598)
	at org.testng.internal.TestInvoker.invokeTestMethod(TestInvoker.java:173)
	at org.testng.internal.MethodRunner.runInSequence(MethodRunner.java:46)
	at org.testng.internal.TestInvoker$MethodInvocationAgent.invoke(TestInvoker.java:824)
	at org.testng.internal.TestInvoker.invokeTestMethods(TestInvoker.java:146)
	at org.testng.internal.TestMethodWorker.invokeTestMethods(TestMethodWorker.java:146)
	at org.testng.internal.TestMethodWorker.run(TestMethodWorker.java:128)
	at java.base/java.util.ArrayList.forEach(ArrayList.java:1511)
	at org.testng.TestRunner.privateRun(TestRunner.java:794)
	at org.testng.TestRunner.run(TestRunner.java:596)
	at org.testng.SuiteRunner.runTest(SuiteRunner.java:377)
	at org.testng.SuiteRunner.runSequentially(SuiteRunner.java:371)
	at org.testng.SuiteRunner.privateRun(SuiteRunner.java:332)
	at org.testng.SuiteRunner.run(SuiteRunner.java:276)
	at org.testng.SuiteRunnerWorker.runSuite(SuiteRunnerWorker.java:53)
	at org.testng.SuiteRunnerWorker.run(SuiteRunnerWorker.java:96)
	at org.testng.TestNG.runSuitesSequentially(TestNG.java:1212)
	at org.testng.TestNG.runSuitesLocally(TestNG.java:1134)
	at org.testng.TestNG.runSuites(TestNG.java:1063)
	at org.testng.TestNG.run(TestNG.java:1031)
	at org.testng.remote.AbstractRemoteTestNG.run(AbstractRemoteTestNG.java:115)
	at org.testng.remote.RemoteTestNG.initAndRun(RemoteTestNG.java:251)
	at org.testng.remote.RemoteTestNG.main(RemoteTestNG.java:77)
</pre></div><a href='#' onClick='toggleBox("stack-trace149233400", this, "Click to show all stack frames", "Click to hide stack frames")'>Click to show all stack frames</a>
<div class='stack-trace' id='stack-trace149233400'><pre>org.openqa.selenium.ElementNotInteractableException: element not interactable
  (Session info: chrome=116.0.5845.141)
Build info: version: &apos;4.3.0&apos;, revision: &apos;a4995e2c09*&apos;
System info: host: &apos;DESKTOP-FV0KD14&apos;, ip: &apos;192.168.0.113&apos;, os.name: &apos;Windows 11&apos;, os.arch: &apos;amd64&apos;, os.version: &apos;10.0&apos;, java.version: &apos;18.0.2.1&apos;
Driver info: org.openqa.selenium.chrome.ChromeDriver
Command: [a14f51fbafe488241a05bb60dbf9d77f, clickElement {id=147C3C413117A8B25FCC3653F760D201_element_114}]
Capabilities {acceptInsecureCerts: false, browserName: chrome, browserVersion: 116.0.5845.141, chrome: {chromedriverVersion: 116.0.5845.96 (1a3918166880..., userDataDir: C:\Users\nanos\AppData\Loca...}, fedcm:accounts: true, goog:chromeOptions: {debuggerAddress: localhost:52590}, networkConnectionEnabled: false, pageLoadStrategy: normal, platformName: WINDOWS, proxy: Proxy(), se:cdp: ws://localhost:52590/devtoo..., se:cdpVersion: 116.0.5845.141, setWindowRect: true, strictFileInteractability: false, timeouts: {implicit: 0, pageLoad: 300000, script: 30000}, unhandledPromptBehavior: dismiss and notify, webauthn:extension:credBlob: true, webauthn:extension:largeBlob: true, webauthn:extension:minPinLength: true, webauthn:extension:prf: true, webauthn:virtualAuthenticators: true}
Element: [[ChromeDriver: chrome on WINDOWS (a14f51fbafe488241a05bb60dbf9d77f)] -&gt; xpath: (//input[@id=&apos;grouped-demo&apos;])[2]]
Session ID: a14f51fbafe488241a05bb60dbf9d77f
	at java.base/jdk.internal.reflect.DirectConstructorHandleAccessor.newInstance(DirectConstructorHandleAccessor.java:67)
	at java.base/java.lang.reflect.Constructor.newInstanceWithCaller(Constructor.java:499)
	at java.base/java.lang.reflect.Constructor.newInstance(Constructor.java:483)
	at org.openqa.selenium.remote.codec.w3c.W3CHttpResponseCodec.createException(W3CHttpResponseCodec.java:200)
	at org.openqa.selenium.remote.codec.w3c.W3CHttpResponseCodec.decode(W3CHttpResponseCodec.java:133)
	at org.openqa.selenium.remote.codec.w3c.W3CHttpResponseCodec.decode(W3CHttpResponseCodec.java:53)
	at org.openqa.selenium.remote.HttpCommandExecutor.execute(HttpCommandExecutor.java:184)
	at org.openqa.selenium.remote.service.DriverCommandExecutor.invokeExecute(DriverCommandExecutor.java:167)
	at org.openqa.selenium.remote.service.DriverCommandExecutor.execute(DriverCommandExecutor.java:142)
	at org.openqa.selenium.remote.RemoteWebDriver.execute(RemoteWebDriver.java:569)
	at org.openqa.selenium.remote.RemoteWebElement.execute(RemoteWebElement.java:257)
	at org.openqa.selenium.remote.RemoteWebElement.click(RemoteWebElement.java:78)
	at utility.ElementDropdown.select(ElementDropdown.java:16)
	at testCases.TestCases.myDairy(TestCases.java:91)
	at java.base/jdk.internal.reflect.DirectMethodHandleAccessor.invoke(DirectMethodHandleAccessor.java:104)
	at java.base/java.lang.reflect.Method.invoke(Method.java:577)
	at org.testng.internal.MethodInvocationHelper.invokeMethod(MethodInvocationHelper.java:133)
	at org.testng.internal.TestInvoker.invokeMethod(TestInvoker.java:598)
	at org.testng.internal.TestInvoker.invokeTestMethod(TestInvoker.java:173)
	at org.testng.internal.MethodRunner.runInSequence(MethodRunner.java:46)
	at org.testng.internal.TestInvoker$MethodInvocationAgent.invoke(TestInvoker.java:824)
	at org.testng.internal.TestInvoker.invokeTestMethods(TestInvoker.java:146)
	at org.testng.internal.TestMethodWorker.invokeTestMethods(TestMethodWorker.java:146)
	at org.testng.internal.TestMethodWorker.run(TestMethodWorker.java:128)
	at java.base/java.util.ArrayList.forEach(ArrayList.java:1511)
	at org.testng.TestRunner.privateRun(TestRunner.java:794)
	at org.testng.TestRunner.run(TestRunner.java:596)
	at org.testng.SuiteRunner.runTest(SuiteRunner.java:377)
	at org.testng.SuiteRunner.runSequentially(SuiteRunner.java:371)
	at org.testng.SuiteRunner.privateRun(SuiteRunner.java:332)
	at org.testng.SuiteRunner.run(SuiteRunner.java:276)
	at org.testng.SuiteRunnerWorker.runSuite(SuiteRunnerWorker.java:53)
	at org.testng.SuiteRunnerWorker.run(SuiteRunnerWorker.java:96)
	at org.testng.TestNG.runSuitesSequentially(TestNG.java:1212)
	at org.testng.TestNG.runSuitesLocally(TestNG.java:1134)
	at org.testng.TestNG.runSuites(TestNG.java:1063)
	at org.testng.TestNG.run(TestNG.java:1031)
	at org.testng.remote.AbstractRemoteTestNG.run(AbstractRemoteTestNG.java:115)
	at org.testng.remote.RemoteTestNG.initAndRun(RemoteTestNG.java:251)
	at org.testng.remote.RemoteTestNG.main(RemoteTestNG.java:77)
</pre></div></td>
<td>25</td>
<td>testCases.TestCases@72d1ad2e</td></tr>
</table><p>
<table width='100%' border='1' class='invocation-passed'>
<tr><td colspan='4' align='center'><b>PASSED TESTS</b></td></tr>
<tr><td><b>Test method</b></td>
<td width="30%"><b>Exception</b></td>
<td width="10%"><b>Time (seconds)</b></td>
<td><b>Instance</b></td>
</tr>
<tr>
<td title='testCases.TestCases.myDairy()'><b>myDairy</b><br>Test class: testCases.TestCases<br>Parameters: jay.mehta@pidilite.com, Pidilite@123</td>
<td></td>
<td>42</td>
<td>testCases.TestCases@72d1ad2e</td></tr>
<tr>
<td title='testCases.TestCases.myDairy()'><b>myDairy</b><br>Test class: testCases.TestCases<br>Parameters: sanjay.kaul@pidilite.com, Pidilite@123</td>
<td></td>
<td>41</td>
<td>testCases.TestCases@72d1ad2e</td></tr>
<tr>
<td title='testCases.TestCases.myDairy()'><b>myDairy</b><br>Test class: testCases.TestCases<br>Parameters: manjunatha.yv@pidilite.com, Pidilite@123</td>
<td></td>
<td>40</td>
<td>testCases.TestCases@72d1ad2e</td></tr>
<tr>
<td title='testCases.TestCases.myDairy()'><b>myDairy</b><br>Test class: testCases.TestCases<br>Parameters: shubham.yadav@pidilite.com, Pidilite@123</td>
<td></td>
<td>42</td>
<td>testCases.TestCases@72d1ad2e</td></tr>
<tr>
<td title='testCases.TestCases.myDairy()'><b>myDairy</b><br>Test class: testCases.TestCases<br>Parameters: diksha.na@pidilite.com, Pidilite@123</td>
<td></td>
<td>42</td>
<td>testCases.TestCases@72d1ad2e</td></tr>
<tr>
<td title='testCases.TestCases.myDairy()'><b>myDairy</b><br>Test class: testCases.TestCases<br>Parameters: mangala.dubey@pidilite.com, Pidilite@123</td>
<td></td>
<td>42</td>
<td>testCases.TestCases@72d1ad2e</td></tr>
<tr>
<td title='testCases.TestCases.myDairy()'><b>myDairy</b><br>Test class: testCases.TestCases<br>Parameters: diksha.na@pidilite.com, Pidilite@123</td>
<td></td>
<td>41</td>
<td>testCases.TestCases@72d1ad2e</td></tr>
<tr>
<td title='testCases.TestCases.myDairy()'><b>myDairy</b><br>Test class: testCases.TestCases<br>Parameters: sanjaya.sahu@pidilite.com, Pidilite@123</td>
<td></td>
<td>44</td>
<td>testCases.TestCases@72d1ad2e</td></tr>
<tr>
<td title='testCases.TestCases.myDairy()'><b>myDairy</b><br>Test class: testCases.TestCases<br>Parameters: mehra.surender@pidilite.com, Pidilite@123</td>
<td></td>
<td>41</td>
<td>testCases.TestCases@72d1ad2e</td></tr>
<tr>
<td title='testCases.TestCases.myDairy()'><b>myDairy</b><br>Test class: testCases.TestCases<br>Parameters: golandaz.khan@pidilite.com, Pidilite@123</td>
<td></td>
<td>42</td>
<td>testCases.TestCases@72d1ad2e</td></tr>
<tr>
<td title='testCases.TestCases.myDairy()'><b>myDairy</b><br>Test class: testCases.TestCases<br>Parameters: diwakar.jha@pidilite.com, Pidilite@123</td>
<td></td>
<td>42</td>
<td>testCases.TestCases@72d1ad2e</td></tr>
<tr>
<td title='testCases.TestCases.myDairy()'><b>myDairy</b><br>Test class: testCases.TestCases<br>Parameters: cs.anand@pidilite.com, Pidilite@123</td>
<td></td>
<td>42</td>
<td>testCases.TestCases@72d1ad2e</td></tr>
<tr>
<td title='testCases.TestCases.myDairy()'><b>myDairy</b><br>Test class: testCases.TestCases<br>Parameters: tejaskumar.suthar@pidilite.com, Pidilite@123</td>
<td></td>
<td>40</td>
<td>testCases.TestCases@72d1ad2e</td></tr>
<tr>
<td title='testCases.TestCases.myDairy()'><b>myDairy</b><br>Test class: testCases.TestCases<br>Parameters: indranil.sengupta@pidilite.com, Pidilite@123</td>
<td></td>
<td>42</td>
<td>testCases.TestCases@72d1ad2e</td></tr>
<tr>
<td title='testCases.TestCases.myDairy()'><b>myDairy</b><br>Test class: testCases.TestCases<br>Parameters: upendra.choudhary@pidilite.com, Pidilite@123</td>
<td></td>
<td>42</td>
<td>testCases.TestCases@72d1ad2e</td></tr>
<tr>
<td title='testCases.TestCases.myDairy()'><b>myDairy</b><br>Test class: testCases.TestCases<br>Parameters: shwetank.mishra@pidilite.com, Pidilite@123</td>
<td></td>
<td>42</td>
<td>testCases.TestCases@72d1ad2e</td></tr>
<tr>
<td title='testCases.TestCases.myDairy()'><b>myDairy</b><br>Test class: testCases.TestCases<br>Parameters: namani.kumar@pidilite.com, Pidilite@123</td>
<td></td>
<td>43</td>
<td>testCases.TestCases@72d1ad2e</td></tr>
<tr>
<td title='testCases.TestCases.myDairy()'><b>myDairy</b><br>Test class: testCases.TestCases<br>Parameters: nawlesh.kumar@pidilite.com, Pidilite@123</td>
<td></td>
<td>41</td>
<td>testCases.TestCases@72d1ad2e</td></tr>
<tr>
<td title='testCases.TestCases.myDairy()'><b>myDairy</b><br>Test class: testCases.TestCases<br>Parameters: p.sridhar@pidilite.com, Pidilite@123</td>
<td></td>
<td>42</td>
<td>testCases.TestCases@72d1ad2e</td></tr>
<tr>
<td title='testCases.TestCases.myDairy()'><b>myDairy</b><br>Test class: testCases.TestCases<br>Parameters: govindrakesh.iyer@pidilite.com, Pidilite@123</td>
<td></td>
<td>41</td>
<td>testCases.TestCases@72d1ad2e</td></tr>
<tr>
<td title='testCases.TestCases.myDairy()'><b>myDairy</b><br>Test class: testCases.TestCases<br>Parameters: aditi.goel@pidilite.com, Pidilite@123</td>
<td></td>
<td>43</td>
<td>testCases.TestCases@72d1ad2e</td></tr>
<tr>
<td title='testCases.TestCases.myDairy()'><b>myDairy</b><br>Test class: testCases.TestCases<br>Parameters: avantika.mehta@pidilite.com, Pidilite@123</td>
<td></td>
<td>43</td>
<td>testCases.TestCases@72d1ad2e</td></tr>
<tr>
<td title='testCases.TestCases.myDairy()'><b>myDairy</b><br>Test class: testCases.TestCases<br>Parameters: senthilkumar.p@pidilite.com, Pidilite@123</td>
<td></td>
<td>42</td>
<td>testCases.TestCases@72d1ad2e</td></tr>
<tr>
<td title='testCases.TestCases.myDairy()'><b>myDairy</b><br>Test class: testCases.TestCases<br>Parameters: gopalakrishnan.vp@pidilite.com, Pidilite@123</td>
<td></td>
<td>43</td>
<td>testCases.TestCases@72d1ad2e</td></tr>
<tr>
<td title='testCases.TestCases.myDairy()'><b>myDairy</b><br>Test class: testCases.TestCases<br>Parameters: rajkumar.dubey@pidilite.com, Pidilite@123</td>
<td></td>
<td>43</td>
<td>testCases.TestCases@72d1ad2e</td></tr>
<tr>
<td title='testCases.TestCases.myDairy()'><b>myDairy</b><br>Test class: testCases.TestCases<br>Parameters: joseph.reddy@pidilite.com, Pidilite@123</td>
<td></td>
<td>42</td>
<td>testCases.TestCases@72d1ad2e</td></tr>
<tr>
<td title='testCases.TestCases.myDairy()'><b>myDairy</b><br>Test class: testCases.TestCases<br>Parameters: mohd.adnan@pidilite.com, Pidilite@123</td>
<td></td>
<td>42</td>
<td>testCases.TestCases@72d1ad2e</td></tr>
<tr>
<td title='testCases.TestCases.myDairy()'><b>myDairy</b><br>Test class: testCases.TestCases<br>Parameters: krishan.kalla@pidilite.com, Pidilite@123</td>
<td></td>
<td>41</td>
<td>testCases.TestCases@72d1ad2e</td></tr>
</table><p>
</body>
</html>